<?xml version="1.0" encoding="UTF-8"?>
<testsuite name="com.aalzatea.springboot.examples.rest.HelloRestServiceIT" tests="1" skipped="0" failures="0" errors="0" timestamp="2017-07-03T23:11:48" hostname="H6938.ad.hugeinc.com" time="0.339">
  <properties/>
  <testcase name="testCallHelloRestService" classname="com.aalzatea.springboot.examples.rest.HelloRestServiceIT" time="0.339"/>
  <system-out><![CDATA[18:11:44.211 [Test worker] DEBUG org.springframework.test.context.junit4.SpringJUnit4ClassRunner - SpringJUnit4ClassRunner constructor called with [class com.aalzatea.springboot.examples.rest.HelloRestServiceIT]
18:11:44.223 [Test worker] DEBUG org.springframework.test.context.BootstrapUtils - Instantiating CacheAwareContextLoaderDelegate from class [org.springframework.test.context.cache.DefaultCacheAwareContextLoaderDelegate]
18:11:44.235 [Test worker] DEBUG org.springframework.test.context.BootstrapUtils - Instantiating BootstrapContext using constructor [public org.springframework.test.context.support.DefaultBootstrapContext(java.lang.Class,org.springframework.test.context.CacheAwareContextLoaderDelegate)]
18:11:44.258 [Test worker] DEBUG org.springframework.test.context.BootstrapUtils - Instantiating TestContextBootstrapper for test class [com.aalzatea.springboot.examples.rest.HelloRestServiceIT] from class [org.springframework.boot.test.context.SpringBootTestContextBootstrapper]
18:11:44.274 [Test worker] INFO org.springframework.boot.test.context.SpringBootTestContextBootstrapper - Neither @ContextConfiguration nor @ContextHierarchy found for test class [com.aalzatea.springboot.examples.rest.HelloRestServiceIT], using SpringBootContextLoader
18:11:44.278 [Test worker] DEBUG org.springframework.test.context.support.AbstractContextLoader - Did not detect default resource location for test class [com.aalzatea.springboot.examples.rest.HelloRestServiceIT]: class path resource [com/aalzatea/springboot/examples/rest/HelloRestServiceIT-context.xml] does not exist
18:11:44.278 [Test worker] DEBUG org.springframework.test.context.support.AbstractContextLoader - Did not detect default resource location for test class [com.aalzatea.springboot.examples.rest.HelloRestServiceIT]: class path resource [com/aalzatea/springboot/examples/rest/HelloRestServiceITContext.groovy] does not exist
18:11:44.279 [Test worker] INFO org.springframework.test.context.support.AbstractContextLoader - Could not detect default resource locations for test class [com.aalzatea.springboot.examples.rest.HelloRestServiceIT]: no resource found for suffixes {-context.xml, Context.groovy}.
18:11:44.280 [Test worker] INFO org.springframework.test.context.support.AnnotationConfigContextLoaderUtils - Could not detect default configuration classes for test class [com.aalzatea.springboot.examples.rest.HelloRestServiceIT]: HelloRestServiceIT does not declare any static, non-private, non-final, nested classes annotated with @Configuration.
18:11:44.335 [Test worker] DEBUG org.springframework.test.context.support.ActiveProfilesUtils - Could not find an 'annotation declaring class' for annotation type [org.springframework.test.context.ActiveProfiles] and class [com.aalzatea.springboot.examples.rest.HelloRestServiceIT]
18:11:44.343 [Test worker] DEBUG org.springframework.core.env.StandardEnvironment - Adding [systemProperties] PropertySource with lowest search precedence
18:11:44.344 [Test worker] DEBUG org.springframework.core.env.StandardEnvironment - Adding [systemEnvironment] PropertySource with lowest search precedence
18:11:44.344 [Test worker] DEBUG org.springframework.core.env.StandardEnvironment - Initialized StandardEnvironment with PropertySources [systemProperties,systemEnvironment]
18:11:44.356 [Test worker] DEBUG org.springframework.core.io.support.PathMatchingResourcePatternResolver - Resolved classpath location [com/aalzatea/springboot/examples/rest/] to resources [URL [file:/Users/aalzate/Documents/Projects/Examples/Java/Spring-Framework/SpringBoot-Examples/build/classes/java/test/com/aalzatea/springboot/examples/rest/], URL [file:/Users/aalzate/Documents/Projects/Examples/Java/Spring-Framework/SpringBoot-Examples/build/classes/java/main/com/aalzatea/springboot/examples/rest/]]
18:11:44.356 [Test worker] DEBUG org.springframework.core.io.support.PathMatchingResourcePatternResolver - Looking for matching resources in directory tree [/Users/aalzate/Documents/Projects/Examples/Java/Spring-Framework/SpringBoot-Examples/build/classes/java/test/com/aalzatea/springboot/examples/rest]
18:11:44.357 [Test worker] DEBUG org.springframework.core.io.support.PathMatchingResourcePatternResolver - Searching directory [/Users/aalzate/Documents/Projects/Examples/Java/Spring-Framework/SpringBoot-Examples/build/classes/java/test/com/aalzatea/springboot/examples/rest] for files matching pattern [/Users/aalzate/Documents/Projects/Examples/Java/Spring-Framework/SpringBoot-Examples/build/classes/java/test/com/aalzatea/springboot/examples/rest/*.class]
18:11:44.360 [Test worker] DEBUG org.springframework.core.io.support.PathMatchingResourcePatternResolver - Looking for matching resources in directory tree [/Users/aalzate/Documents/Projects/Examples/Java/Spring-Framework/SpringBoot-Examples/build/classes/java/main/com/aalzatea/springboot/examples/rest]
18:11:44.361 [Test worker] DEBUG org.springframework.core.io.support.PathMatchingResourcePatternResolver - Searching directory [/Users/aalzate/Documents/Projects/Examples/Java/Spring-Framework/SpringBoot-Examples/build/classes/java/main/com/aalzatea/springboot/examples/rest] for files matching pattern [/Users/aalzate/Documents/Projects/Examples/Java/Spring-Framework/SpringBoot-Examples/build/classes/java/main/com/aalzatea/springboot/examples/rest/*.class]
18:11:44.361 [Test worker] DEBUG org.springframework.core.io.support.PathMatchingResourcePatternResolver - Resolved location pattern [classpath*:com/aalzatea/springboot/examples/rest/*.class] to resources [file [/Users/aalzate/Documents/Projects/Examples/Java/Spring-Framework/SpringBoot-Examples/build/classes/java/test/com/aalzatea/springboot/examples/rest/HelloRestServiceIT.class], file [/Users/aalzate/Documents/Projects/Examples/Java/Spring-Framework/SpringBoot-Examples/build/classes/java/test/com/aalzatea/springboot/examples/rest/HelloRestServiceTest.class], file [/Users/aalzate/Documents/Projects/Examples/Java/Spring-Framework/SpringBoot-Examples/build/classes/java/main/com/aalzatea/springboot/examples/rest/HelloRestService.class]]
18:11:44.410 [Test worker] DEBUG org.springframework.core.io.support.PathMatchingResourcePatternResolver - Resolved classpath location [com/aalzatea/springboot/examples/] to resources [URL [file:/Users/aalzate/Documents/Projects/Examples/Java/Spring-Framework/SpringBoot-Examples/build/classes/java/test/com/aalzatea/springboot/examples/], URL [file:/Users/aalzate/Documents/Projects/Examples/Java/Spring-Framework/SpringBoot-Examples/build/classes/java/main/com/aalzatea/springboot/examples/]]
18:11:44.410 [Test worker] DEBUG org.springframework.core.io.support.PathMatchingResourcePatternResolver - Looking for matching resources in directory tree [/Users/aalzate/Documents/Projects/Examples/Java/Spring-Framework/SpringBoot-Examples/build/classes/java/test/com/aalzatea/springboot/examples]
18:11:44.411 [Test worker] DEBUG org.springframework.core.io.support.PathMatchingResourcePatternResolver - Searching directory [/Users/aalzate/Documents/Projects/Examples/Java/Spring-Framework/SpringBoot-Examples/build/classes/java/test/com/aalzatea/springboot/examples] for files matching pattern [/Users/aalzate/Documents/Projects/Examples/Java/Spring-Framework/SpringBoot-Examples/build/classes/java/test/com/aalzatea/springboot/examples/*.class]
18:11:44.411 [Test worker] DEBUG org.springframework.core.io.support.PathMatchingResourcePatternResolver - Looking for matching resources in directory tree [/Users/aalzate/Documents/Projects/Examples/Java/Spring-Framework/SpringBoot-Examples/build/classes/java/main/com/aalzatea/springboot/examples]
18:11:44.412 [Test worker] DEBUG org.springframework.core.io.support.PathMatchingResourcePatternResolver - Searching directory [/Users/aalzate/Documents/Projects/Examples/Java/Spring-Framework/SpringBoot-Examples/build/classes/java/main/com/aalzatea/springboot/examples] for files matching pattern [/Users/aalzate/Documents/Projects/Examples/Java/Spring-Framework/SpringBoot-Examples/build/classes/java/main/com/aalzatea/springboot/examples/*.class]
18:11:44.413 [Test worker] DEBUG org.springframework.core.io.support.PathMatchingResourcePatternResolver - Resolved location pattern [classpath*:com/aalzatea/springboot/examples/*.class] to resources [file [/Users/aalzate/Documents/Projects/Examples/Java/Spring-Framework/SpringBoot-Examples/build/classes/java/main/com/aalzatea/springboot/examples/Application.class]]
18:11:44.441 [Test worker] DEBUG org.springframework.context.annotation.ClassPathScanningCandidateComponentProvider - Identified candidate component class: file [/Users/aalzate/Documents/Projects/Examples/Java/Spring-Framework/SpringBoot-Examples/build/classes/java/main/com/aalzatea/springboot/examples/Application.class]
18:11:44.442 [Test worker] INFO org.springframework.boot.test.context.SpringBootTestContextBootstrapper - Found @SpringBootConfiguration com.aalzatea.springboot.examples.Application for test class com.aalzatea.springboot.examples.rest.HelloRestServiceIT
18:11:44.588 [Test worker] DEBUG org.springframework.boot.test.context.SpringBootTestContextBootstrapper - @TestExecutionListeners is not present for class [com.aalzatea.springboot.examples.rest.HelloRestServiceIT]: using defaults.
18:11:44.589 [Test worker] INFO org.springframework.boot.test.context.SpringBootTestContextBootstrapper - Loaded default TestExecutionListener class names from location [META-INF/spring.factories]: [org.springframework.boot.test.autoconfigure.restdocs.RestDocsTestExecutionListener, org.springframework.boot.test.autoconfigure.web.client.MockRestServiceServerResetTestExecutionListener, org.springframework.boot.test.autoconfigure.web.servlet.MockMvcPrintOnlyOnFailureTestExecutionListener, org.springframework.boot.test.autoconfigure.web.servlet.WebDriverTestExecutionListener, org.springframework.boot.test.mock.mockito.MockitoTestExecutionListener, org.springframework.boot.test.mock.mockito.ResetMocksTestExecutionListener, org.springframework.test.context.web.ServletTestExecutionListener, org.springframework.test.context.support.DirtiesContextBeforeModesTestExecutionListener, org.springframework.test.context.support.DependencyInjectionTestExecutionListener, org.springframework.test.context.support.DirtiesContextTestExecutionListener, org.springframework.test.context.transaction.TransactionalTestExecutionListener, org.springframework.test.context.jdbc.SqlScriptsTestExecutionListener]
18:11:44.607 [Test worker] INFO org.springframework.boot.test.context.SpringBootTestContextBootstrapper - Could not instantiate TestExecutionListener [org.springframework.test.context.jdbc.SqlScriptsTestExecutionListener]. Specify custom listener classes or make the default listener classes (and their required dependencies) available. Offending class: [org/springframework/transaction/interceptor/TransactionAttribute]
18:11:44.608 [Test worker] INFO org.springframework.boot.test.context.SpringBootTestContextBootstrapper - Could not instantiate TestExecutionListener [org.springframework.test.context.transaction.TransactionalTestExecutionListener]. Specify custom listener classes or make the default listener classes (and their required dependencies) available. Offending class: [org/springframework/transaction/interceptor/TransactionAttributeSource]
18:11:44.610 [Test worker] INFO org.springframework.boot.test.context.SpringBootTestContextBootstrapper - Using TestExecutionListeners: [org.springframework.test.context.web.ServletTestExecutionListener@44e17864, org.springframework.test.context.support.DirtiesContextBeforeModesTestExecutionListener@45e751e5, org.springframework.boot.test.autoconfigure.SpringBootDependencyInjectionTestExecutionListener@1b5924e9, org.springframework.test.context.support.DirtiesContextTestExecutionListener@1b6abb3e, org.springframework.boot.test.autoconfigure.web.servlet.WebDriverTestExecutionListener@5407c26f, org.springframework.boot.test.autoconfigure.restdocs.RestDocsTestExecutionListener@2b10d973, org.springframework.boot.test.autoconfigure.web.servlet.MockMvcPrintOnlyOnFailureTestExecutionListener@79bcce94, org.springframework.boot.test.mock.mockito.ResetMocksTestExecutionListener@374129d6, org.springframework.boot.test.autoconfigure.web.client.MockRestServiceServerResetTestExecutionListener@5d3f91eb, org.springframework.boot.test.mock.mockito.MockitoTestExecutionListener@7049107e]
18:11:44.624 [Test worker] DEBUG org.springframework.test.annotation.ProfileValueUtils - Retrieved @ProfileValueSourceConfiguration [null] for test class [com.aalzatea.springboot.examples.rest.HelloRestServiceIT]
18:11:44.624 [Test worker] DEBUG org.springframework.test.annotation.ProfileValueUtils - Retrieved ProfileValueSource type [class org.springframework.test.annotation.SystemProfileValueSource] for class [com.aalzatea.springboot.examples.rest.HelloRestServiceIT]
18:11:44.626 [Test worker] DEBUG org.springframework.test.annotation.ProfileValueUtils - Retrieved @ProfileValueSourceConfiguration [null] for test class [com.aalzatea.springboot.examples.rest.HelloRestServiceIT]
18:11:44.626 [Test worker] DEBUG org.springframework.test.annotation.ProfileValueUtils - Retrieved ProfileValueSource type [class org.springframework.test.annotation.SystemProfileValueSource] for class [com.aalzatea.springboot.examples.rest.HelloRestServiceIT]
18:11:44.633 [Test worker] DEBUG org.springframework.test.context.support.AbstractDirtiesContextTestExecutionListener - Before test class: context [DefaultTestContext@2e69b754 testClass = HelloRestServiceIT, testInstance = [null], testMethod = [null], testException = [null], mergedContextConfiguration = [WebMergedContextConfiguration@2bde076b testClass = HelloRestServiceIT, locations = '{}', classes = '{class com.aalzatea.springboot.examples.Application}', contextInitializerClasses = '[]', activeProfiles = '{}', propertySourceLocations = '{}', propertySourceProperties = '{org.springframework.boot.test.context.SpringBootTestContextBootstrapper=true, server.port=0}', contextCustomizers = set[org.springframework.boot.test.autoconfigure.properties.PropertyMappingContextCustomizer@0, org.springframework.boot.test.autoconfigure.web.servlet.WebDriverContextCustomizerFactory$Customizer@72d28c23, org.springframework.boot.test.context.SpringBootTestContextCustomizer@1645abb0, org.springframework.boot.test.context.filter.ExcludeFilterContextCustomizer@1d16a154, org.springframework.boot.test.json.DuplicateJsonObjectContextCustomizerFactory$DuplicateJsonObjectContextCustomizer@567401ae, org.springframework.boot.test.mock.mockito.MockitoContextCustomizer@0], resourceBasePath = 'src/main/webapp', contextLoader = 'org.springframework.boot.test.context.SpringBootContextLoader', parent = [null]], attributes = map['org.springframework.test.context.web.ServletTestExecutionListener.activateListener' -> false]], class annotated with @DirtiesContext [false] with mode [null].
18:11:44.634 [Test worker] DEBUG org.springframework.test.annotation.ProfileValueUtils - Retrieved @ProfileValueSourceConfiguration [null] for test class [com.aalzatea.springboot.examples.rest.HelloRestServiceIT]
18:11:44.634 [Test worker] DEBUG org.springframework.test.annotation.ProfileValueUtils - Retrieved ProfileValueSource type [class org.springframework.test.annotation.SystemProfileValueSource] for class [com.aalzatea.springboot.examples.rest.HelloRestServiceIT]
18:11:44.635 [Test worker] DEBUG org.springframework.test.context.support.DependencyInjectionTestExecutionListener - Performing dependency injection for test context [[DefaultTestContext@2e69b754 testClass = HelloRestServiceIT, testInstance = com.aalzatea.springboot.examples.rest.HelloRestServiceIT@6620a086, testMethod = [null], testException = [null], mergedContextConfiguration = [WebMergedContextConfiguration@2bde076b testClass = HelloRestServiceIT, locations = '{}', classes = '{class com.aalzatea.springboot.examples.Application}', contextInitializerClasses = '[]', activeProfiles = '{}', propertySourceLocations = '{}', propertySourceProperties = '{org.springframework.boot.test.context.SpringBootTestContextBootstrapper=true, server.port=0}', contextCustomizers = set[org.springframework.boot.test.autoconfigure.properties.PropertyMappingContextCustomizer@0, org.springframework.boot.test.autoconfigure.web.servlet.WebDriverContextCustomizerFactory$Customizer@72d28c23, org.springframework.boot.test.context.SpringBootTestContextCustomizer@1645abb0, org.springframework.boot.test.context.filter.ExcludeFilterContextCustomizer@1d16a154, org.springframework.boot.test.json.DuplicateJsonObjectContextCustomizerFactory$DuplicateJsonObjectContextCustomizer@567401ae, org.springframework.boot.test.mock.mockito.MockitoContextCustomizer@0], resourceBasePath = 'src/main/webapp', contextLoader = 'org.springframework.boot.test.context.SpringBootContextLoader', parent = [null]], attributes = map['org.springframework.test.context.web.ServletTestExecutionListener.activateListener' -> false]]].
18:11:44.650 [Test worker] DEBUG org.springframework.core.env.StandardEnvironment - Adding [systemProperties] PropertySource with lowest search precedence
18:11:44.650 [Test worker] DEBUG org.springframework.core.env.StandardEnvironment - Adding [systemEnvironment] PropertySource with lowest search precedence
18:11:44.650 [Test worker] DEBUG org.springframework.core.env.StandardEnvironment - Initialized StandardEnvironment with PropertySources [systemProperties,systemEnvironment]
18:11:44.651 [Test worker] DEBUG org.springframework.test.context.support.TestPropertySourceUtils - Adding inlined properties to environment: {spring.jmx.enabled=false, org.springframework.boot.test.context.SpringBootTestContextBootstrapper=true, server.port=0}
18:11:44.651 [Test worker] DEBUG org.springframework.core.env.StandardEnvironment - Adding [Inlined Test Properties] PropertySource with highest search precedence

  .   ____          _            __ _ _
 /\\ / ___'_ __ _ _(_)_ __  __ _ \ \ \ \
( ( )\___ | '_ | '_| | '_ \/ _` | \ \ \ \
 \\/  ___)| |_)| | | | | || (_| |  ) ) ) )
  '  |____| .__|_| |_|_| |_\__, | / / / /
 =========|_|==============|___/=/_/_/_/
 :: Spring Boot ::  (v2.0.0.BUILD-SNAPSHOT)

2017-07-03 18:11:44.996  INFO 6933 --- [    Test worker] c.a.s.examples.rest.HelloRestServiceIT   : Starting HelloRestServiceIT on H6938.ad.hugeinc.com with PID 6933 (started by aalzate in /Users/aalzate/Documents/Projects/Examples/Java/Spring-Framework/SpringBoot-Examples)
2017-07-03 18:11:44.998  INFO 6933 --- [    Test worker] c.a.s.examples.rest.HelloRestServiceIT   : No active profile set, falling back to default profiles: default
2017-07-03 18:11:45.033  INFO 6933 --- [    Test worker] ConfigServletWebServerApplicationContext : Refreshing org.springframework.boot.web.servlet.context.AnnotationConfigServletWebServerApplicationContext@6df7fc2c: startup date [Mon Jul 03 18:11:45 COT 2017]; root of context hierarchy
2017-07-03 18:11:45.833  INFO 6933 --- [    Test worker] o.s.b.f.s.DefaultListableBeanFactory     : Overriding bean definition for bean 'websocketContainerCustomizer' with a different definition: replacing [Root bean: class [null]; scope=; abstract=false; lazyInit=false; autowireMode=3; dependencyCheck=0; autowireCandidate=true; primary=false; factoryBeanName=org.springframework.boot.autoconfigure.websocket.servlet.WebSocketServletAutoConfiguration$JettyWebSocketConfiguration; factoryMethodName=websocketContainerCustomizer; initMethodName=null; destroyMethodName=(inferred); defined in class path resource [org/springframework/boot/autoconfigure/websocket/servlet/WebSocketServletAutoConfiguration$JettyWebSocketConfiguration.class]] with [Root bean: class [null]; scope=; abstract=false; lazyInit=false; autowireMode=3; dependencyCheck=0; autowireCandidate=true; primary=false; factoryBeanName=org.springframework.boot.autoconfigure.websocket.servlet.WebSocketServletAutoConfiguration$TomcatWebSocketConfiguration; factoryMethodName=websocketContainerCustomizer; initMethodName=null; destroyMethodName=(inferred); defined in class path resource [org/springframework/boot/autoconfigure/websocket/servlet/WebSocketServletAutoConfiguration$TomcatWebSocketConfiguration.class]]
2017-07-03 18:11:46.865  INFO 6933 --- [    Test worker] org.eclipse.jetty.util.log               : Logging initialized @3379ms to org.eclipse.jetty.util.log.Slf4jLog
2017-07-03 18:11:46.977  INFO 6933 --- [    Test worker] o.s.b.w.e.j.JettyServletWebServerFactory : Server initialized with port: 0
2017-07-03 18:11:46.981  INFO 6933 --- [    Test worker] org.eclipse.jetty.server.Server          : jetty-9.4.6.v20170531
2017-07-03 18:11:47.028  INFO 6933 --- [    Test worker] org.eclipse.jetty.server.session         : DefaultSessionIdManager workerName=node0
2017-07-03 18:11:47.029  INFO 6933 --- [    Test worker] org.eclipse.jetty.server.session         : No SessionScavenger set, using defaults
2017-07-03 18:11:47.032  INFO 6933 --- [    Test worker] org.eclipse.jetty.server.session         : Scavenging every 660000ms
2017-07-03 18:11:47.038  INFO 6933 --- [    Test worker] o.e.j.s.h.ContextHandler.application     : Initializing Spring embedded WebApplicationContext
2017-07-03 18:11:47.038  INFO 6933 --- [    Test worker] o.s.web.context.ContextLoader            : Root WebApplicationContext: initialization completed in 2008 ms
2017-07-03 18:11:47.275  INFO 6933 --- [    Test worker] o.s.b.w.servlet.ServletRegistrationBean  : Mapping servlet: 'dispatcherServlet' to [/]
2017-07-03 18:11:47.279  INFO 6933 --- [    Test worker] o.s.b.w.servlet.FilterRegistrationBean   : Mapping filter: 'metricsFilter' to: [/*]
2017-07-03 18:11:47.282  INFO 6933 --- [    Test worker] o.s.b.w.servlet.FilterRegistrationBean   : Mapping filter: 'characterEncodingFilter' to: [/*]
2017-07-03 18:11:47.282  INFO 6933 --- [    Test worker] o.s.b.w.servlet.FilterRegistrationBean   : Mapping filter: 'hiddenHttpMethodFilter' to: [/*]
2017-07-03 18:11:47.283  INFO 6933 --- [    Test worker] o.s.b.w.servlet.FilterRegistrationBean   : Mapping filter: 'httpPutFormContentFilter' to: [/*]
2017-07-03 18:11:47.283  INFO 6933 --- [    Test worker] o.s.b.w.servlet.FilterRegistrationBean   : Mapping filter: 'requestContextFilter' to: [/*]
2017-07-03 18:11:47.283  INFO 6933 --- [    Test worker] o.s.b.w.servlet.FilterRegistrationBean   : Mapping filter: 'webRequestLoggingFilter' to: [/*]
2017-07-03 18:11:47.284  INFO 6933 --- [    Test worker] o.e.jetty.server.handler.ContextHandler  : Started o.s.b.w.e.j.JettyEmbeddedWebAppContext@5b14c1a7{/,[file:///private/var/folders/2j/vrwxtqn545g46twc2df9795c000h_c/T/jetty-docbase.7400977795475561314.0/, jar:file:/Users/aalzate/.gradle/caches/modules-2/files-2.1/org.webjars/sockjs-client/1.0.2/38abdad784d10a7fd9e25af81bdf47016e8ee50d/sockjs-client-1.0.2.jar!/META-INF/resources, jar:file:/Users/aalzate/.gradle/caches/modules-2/files-2.1/org.webjars/stomp-websocket/2.3.3/3ac153b386f7945bc756709df3d171105e8fd2d5/stomp-websocket-2.3.3.jar!/META-INF/resources, jar:file:/Users/aalzate/.gradle/caches/modules-2/files-2.1/org.webjars/bootstrap/3.3.7/d6aeba80236573ed585baa657dac2b951caa8e7e/bootstrap-3.3.7.jar!/META-INF/resources, jar:file:/Users/aalzate/.gradle/caches/modules-2/files-2.1/org.webjars/jquery/3.1.0/12dfc6fa10ba9633ece3b722ed38a5a34fc780e7/jquery-3.1.0.jar!/META-INF/resources],AVAILABLE}
2017-07-03 18:11:47.285  INFO 6933 --- [    Test worker] org.eclipse.jetty.server.Server          : Started @3800ms
2017-07-03 18:11:47.581  INFO 6933 --- [    Test worker] o.s.s.concurrent.ThreadPoolTaskExecutor  : Initializing ExecutorService  'clientInboundChannelExecutor'
2017-07-03 18:11:47.594  INFO 6933 --- [    Test worker] o.s.s.concurrent.ThreadPoolTaskExecutor  : Initializing ExecutorService  'clientOutboundChannelExecutor'
2017-07-03 18:11:47.614  INFO 6933 --- [    Test worker] o.s.s.c.ThreadPoolTaskScheduler          : Initializing ExecutorService  'messageBrokerTaskScheduler'
2017-07-03 18:11:47.693  INFO 6933 --- [    Test worker] o.s.w.s.s.s.WebSocketHandlerMapping      : Mapped URL path [/hello-websocket/**] onto handler of type [class org.springframework.web.socket.sockjs.support.SockJsHttpRequestHandler]
2017-07-03 18:11:47.712  INFO 6933 --- [    Test worker] o.s.s.concurrent.ThreadPoolTaskExecutor  : Initializing ExecutorService  'brokerChannelExecutor'
2017-07-03 18:11:47.914  INFO 6933 --- [    Test worker] .WebSocketAnnotationMethodMessageHandler : Mapped "{[/hello],messageType=[MESSAGE]}" onto public com.aalzatea.springboot.examples.model.websockets.Greeting com.aalzatea.springboot.examples.websockets.GreetingController.greeting(com.aalzatea.springboot.examples.model.websockets.HelloMessage) throws java.lang.Exception
2017-07-03 18:11:48.051  INFO 6933 --- [    Test worker] s.w.s.m.m.a.RequestMappingHandlerAdapter : Looking for @ControllerAdvice: org.springframework.boot.web.servlet.context.AnnotationConfigServletWebServerApplicationContext@6df7fc2c: startup date [Mon Jul 03 18:11:45 COT 2017]; root of context hierarchy
2017-07-03 18:11:48.120  INFO 6933 --- [    Test worker] s.w.s.m.m.a.RequestMappingHandlerMapping : Mapped "{[/rest]}" onto public java.lang.String com.aalzatea.springboot.examples.rest.HelloRestService.index()
2017-07-03 18:11:48.125  INFO 6933 --- [    Test worker] s.w.s.m.m.a.RequestMappingHandlerMapping : Mapped "{[/error]}" onto public org.springframework.http.ResponseEntity<java.util.Map<java.lang.String, java.lang.Object>> org.springframework.boot.autoconfigure.web.servlet.error.BasicErrorController.error(javax.servlet.http.HttpServletRequest)
2017-07-03 18:11:48.127  INFO 6933 --- [    Test worker] s.w.s.m.m.a.RequestMappingHandlerMapping : Mapped "{[/error],produces=[text/html]}" onto public org.springframework.web.servlet.ModelAndView org.springframework.boot.autoconfigure.web.servlet.error.BasicErrorController.errorHtml(javax.servlet.http.HttpServletRequest,javax.servlet.http.HttpServletResponse)
2017-07-03 18:11:48.227  INFO 6933 --- [    Test worker] o.s.w.s.handler.SimpleUrlHandlerMapping  : Mapped URL path [/webjars/**] onto handler of type [class org.springframework.web.servlet.resource.ResourceHttpRequestHandler]
2017-07-03 18:11:48.228  INFO 6933 --- [    Test worker] o.s.w.s.handler.SimpleUrlHandlerMapping  : Mapped URL path [/**] onto handler of type [class org.springframework.web.servlet.resource.ResourceHttpRequestHandler]
2017-07-03 18:11:48.274  INFO 6933 --- [    Test worker] o.s.w.s.handler.SimpleUrlHandlerMapping  : Mapped URL path [/**/favicon.ico] onto handler of type [class org.springframework.web.servlet.resource.ResourceHttpRequestHandler]
2017-07-03 18:11:48.306  INFO 6933 --- [    Test worker] oConfiguration$WelcomePageHandlerMapping : Adding welcome page: class path resource [static/index.html]
2017-07-03 18:11:48.650  INFO 6933 --- [    Test worker] o.s.b.a.e.mvc.EndpointHandlerMapping     : Mapped "{[/application/loggers/{name:.*}],methods=[GET],produces=[application/vnd.spring-boot.actuator.v2+json || application/json]}" onto public java.lang.Object org.springframework.boot.actuate.endpoint.mvc.LoggersMvcEndpoint.get(java.lang.String)
2017-07-03 18:11:48.651  INFO 6933 --- [    Test worker] o.s.b.a.e.mvc.EndpointHandlerMapping     : Mapped "{[/application/loggers/{name:.*}],methods=[POST],consumes=[application/vnd.spring-boot.actuator.v2+json || application/json],produces=[application/vnd.spring-boot.actuator.v2+json || application/json]}" onto public java.lang.Object org.springframework.boot.actuate.endpoint.mvc.LoggersMvcEndpoint.set(java.lang.String,java.util.Map<java.lang.String, java.lang.String>)
2017-07-03 18:11:48.652  INFO 6933 --- [    Test worker] o.s.b.a.e.mvc.EndpointHandlerMapping     : Mapped "{[/application/loggers || /application/loggers.json],methods=[GET],produces=[application/vnd.spring-boot.actuator.v2+json || application/json]}" onto public java.lang.Object org.springframework.boot.actuate.endpoint.mvc.EndpointMvcAdapter.invoke()
2017-07-03 18:11:48.653  INFO 6933 --- [    Test worker] o.s.b.a.e.mvc.EndpointHandlerMapping     : Mapped "{[/application/env/{name:.*}],methods=[GET],produces=[application/vnd.spring-boot.actuator.v2+json || application/json]}" onto public java.lang.Object org.springframework.boot.actuate.endpoint.mvc.EnvironmentMvcEndpoint.value(java.lang.String)
2017-07-03 18:11:48.654  INFO 6933 --- [    Test worker] o.s.b.a.e.mvc.EndpointHandlerMapping     : Mapped "{[/application/env || /application/env.json],methods=[GET],produces=[application/vnd.spring-boot.actuator.v2+json || application/json]}" onto public java.lang.Object org.springframework.boot.actuate.endpoint.mvc.EndpointMvcAdapter.invoke()
2017-07-03 18:11:48.656  INFO 6933 --- [    Test worker] o.s.b.a.e.mvc.EndpointHandlerMapping     : Mapped "{[/application/health || /application/health.json],methods=[GET],produces=[application/vnd.spring-boot.actuator.v2+json || application/json]}" onto public java.lang.Object org.springframework.boot.actuate.endpoint.mvc.HealthMvcEndpoint.invoke(javax.servlet.http.HttpServletRequest,java.security.Principal)
2017-07-03 18:11:48.657  INFO 6933 --- [    Test worker] o.s.b.a.e.mvc.EndpointHandlerMapping     : Mapped "{[/application/beans || /application/beans.json],methods=[GET],produces=[application/vnd.spring-boot.actuator.v2+json || application/json]}" onto public java.lang.Object org.springframework.boot.actuate.endpoint.mvc.EndpointMvcAdapter.invoke()
2017-07-03 18:11:48.659  INFO 6933 --- [    Test worker] o.s.b.a.e.mvc.EndpointHandlerMapping     : Mapped "{[/application/autoconfig || /application/autoconfig.json],methods=[GET],produces=[application/vnd.spring-boot.actuator.v2+json || application/json]}" onto public java.lang.Object org.springframework.boot.actuate.endpoint.mvc.EndpointMvcAdapter.invoke()
2017-07-03 18:11:48.671  INFO 6933 --- [    Test worker] o.s.b.a.e.mvc.EndpointHandlerMapping     : Mapped "{[/application/metrics/{name:.*}],methods=[GET],produces=[application/vnd.spring-boot.actuator.v2+json || application/json]}" onto public java.lang.Object org.springframework.boot.actuate.endpoint.mvc.MetricsMvcEndpoint.value(java.lang.String)
2017-07-03 18:11:48.672  INFO 6933 --- [    Test worker] o.s.b.a.e.mvc.EndpointHandlerMapping     : Mapped "{[/application/metrics || /application/metrics.json],methods=[GET],produces=[application/vnd.spring-boot.actuator.v2+json || application/json]}" onto public java.lang.Object org.springframework.boot.actuate.endpoint.mvc.EndpointMvcAdapter.invoke()
2017-07-03 18:11:48.674  INFO 6933 --- [    Test worker] o.s.b.a.e.mvc.EndpointHandlerMapping     : Mapped "{[/application/dump || /application/dump.json],methods=[GET],produces=[application/vnd.spring-boot.actuator.v2+json || application/json]}" onto public java.lang.Object org.springframework.boot.actuate.endpoint.mvc.EndpointMvcAdapter.invoke()
2017-07-03 18:11:48.675  INFO 6933 --- [    Test worker] o.s.b.a.e.mvc.EndpointHandlerMapping     : Mapped "{[/application/mappings || /application/mappings.json],methods=[GET],produces=[application/vnd.spring-boot.actuator.v2+json || application/json]}" onto public java.lang.Object org.springframework.boot.actuate.endpoint.mvc.EndpointMvcAdapter.invoke()
2017-07-03 18:11:48.676  INFO 6933 --- [    Test worker] o.s.b.a.e.mvc.EndpointHandlerMapping     : Mapped "{[/application/configprops || /application/configprops.json],methods=[GET],produces=[application/vnd.spring-boot.actuator.v2+json || application/json]}" onto public java.lang.Object org.springframework.boot.actuate.endpoint.mvc.EndpointMvcAdapter.invoke()
2017-07-03 18:11:48.677  INFO 6933 --- [    Test worker] o.s.b.a.e.mvc.EndpointHandlerMapping     : Mapped "{[/application/auditevents || /application/auditevents.json],methods=[GET],produces=[application/vnd.spring-boot.actuator.v2+json || application/json]}" onto public org.springframework.http.ResponseEntity<?> org.springframework.boot.actuate.endpoint.mvc.AuditEventsMvcEndpoint.findByPrincipalAndAfterAndType(java.lang.String,java.util.Date,java.lang.String)
2017-07-03 18:11:48.678  INFO 6933 --- [    Test worker] o.s.b.a.e.mvc.EndpointHandlerMapping     : Mapped "{[/application/info || /application/info.json],methods=[GET],produces=[application/vnd.spring-boot.actuator.v2+json || application/json]}" onto public java.lang.Object org.springframework.boot.actuate.endpoint.mvc.EndpointMvcAdapter.invoke()
2017-07-03 18:11:48.680  INFO 6933 --- [    Test worker] o.s.b.a.e.mvc.EndpointHandlerMapping     : Mapped "{[/application/trace || /application/trace.json],methods=[GET],produces=[application/vnd.spring-boot.actuator.v2+json || application/json]}" onto public java.lang.Object org.springframework.boot.actuate.endpoint.mvc.EndpointMvcAdapter.invoke()
2017-07-03 18:11:48.682  INFO 6933 --- [    Test worker] o.s.b.a.e.mvc.EndpointHandlerMapping     : Mapped "{[/application/heapdump || /application/heapdump.json],methods=[GET],produces=[application/octet-stream]}" onto public void org.springframework.boot.actuate.endpoint.mvc.HeapdumpMvcEndpoint.invoke(boolean,javax.servlet.http.HttpServletRequest,javax.servlet.http.HttpServletResponse) throws java.io.IOException,javax.servlet.ServletException
2017-07-03 18:11:48.868  INFO 6933 --- [    Test worker] o.s.c.support.DefaultLifecycleProcessor  : Starting beans in phase 2147483647
2017-07-03 18:11:48.869  INFO 6933 --- [    Test worker] o.s.m.s.b.SimpleBrokerMessageHandler     : Starting...
2017-07-03 18:11:48.869  INFO 6933 --- [    Test worker] o.s.m.s.b.SimpleBrokerMessageHandler     : BrokerAvailabilityEvent[available=true, SimpleBrokerMessageHandler [DefaultSubscriptionRegistry[cache[0 destination(s)], registry[0 sessions]]]]
2017-07-03 18:11:48.871  INFO 6933 --- [    Test worker] o.s.m.s.b.SimpleBrokerMessageHandler     : Started.
2017-07-03 18:11:48.889  INFO 6933 --- [    Test worker] o.e.j.s.h.ContextHandler.application     : Initializing Spring FrameworkServlet 'dispatcherServlet'
2017-07-03 18:11:48.889  INFO 6933 --- [    Test worker] o.s.web.servlet.DispatcherServlet        : FrameworkServlet 'dispatcherServlet': initialization started
2017-07-03 18:11:48.906  INFO 6933 --- [    Test worker] o.s.web.servlet.DispatcherServlet        : FrameworkServlet 'dispatcherServlet': initialization completed in 16 ms
2017-07-03 18:11:48.932  INFO 6933 --- [    Test worker] o.e.jetty.server.AbstractConnector       : Started ServerConnector@236e62d4{HTTP/1.1,[http/1.1]}{0.0.0.0:61182}
2017-07-03 18:11:48.932  INFO 6933 --- [    Test worker] o.s.b.web.embedded.jetty.JettyWebServer  : Jetty started on port(s) 61182 (http/1.1)
Let's inspect the beans provided by Spring Boot:
JettyServletWebServerFactory
actuatorMetricReader
application
auditEventMvcEndpoint
auditEventRepository
auditListener
autoConfigurationReportEndpoint
basicErrorController
beanNameHandlerMapping
beanNameViewResolver
beansEndpoint
brokerChannel
brokerChannelExecutor
brokerMessageConverter
brokerMessagingTemplate
characterEncodingFilter
clientInboundChannel
clientInboundChannelExecutor
clientOutboundChannel
clientOutboundChannelExecutor
commandLineRunner
configurationPropertiesReportEndpoint
conventionErrorViewResolver
counterBuffers
counterService
defaultServletHandlerMapping
defaultValidator
defaultViewResolver
diskSpaceHealthIndicator
diskSpaceHealthIndicatorProperties
dispatcherServlet
dispatcherServletRegistration
dumpEndpoint
endpointHandlerMapping
endpoints-org.springframework.boot.actuate.endpoint.EndpointProperties
endpoints.cors-org.springframework.boot.actuate.autoconfigure.EndpointCorsProperties
endpoints.health-org.springframework.boot.actuate.autoconfigure.HealthMvcEndpointProperties
endpoints.metrics.filter-org.springframework.boot.actuate.autoconfigure.MetricFilterProperties
envInfoContributor
environmentEndpoint
environmentMvcEndpoint
error
errorAttributes
errorPageCustomizer
errorPageRegistrarBeanPostProcessor
faviconHandlerMapping
faviconRequestHandler
gaugeBuffers
gaugeService
greetingController
handlerExceptionResolver
healthAggregator
healthEndpoint
healthMvcEndpoint
heapdumpMvcEndpoint
helloRestService
hiddenHttpMethodFilter
httpPutFormContentFilter
httpRequestHandlerAdapter
infoEndpoint
jacksonCodecCustomizer
jacksonObjectMapper
jacksonObjectMapperBuilder
jsonComponentModule
localeCharsetMappingsCustomizer
loggersEndpoint
loggersMvcEndpoint
management-org.springframework.boot.actuate.autoconfigure.ManagementServerProperties
management.health.status-org.springframework.boot.actuate.autoconfigure.HealthIndicatorProperties
management.info-org.springframework.boot.actuate.autoconfigure.InfoContributorProperties
management.trace-org.springframework.boot.actuate.trace.TraceProperties
managementContextResolver
managementServletContext
mappingJackson2HttpMessageConverter
messageBrokerTaskScheduler
messageConverters
methodValidationPostProcessor
metricReaderPublicMetrics
metricWritersMetricExporter
metricsEndpoint
metricsFilter
metricsMvcEndpoint
multipartConfigElement
multipartResolver
mvcContentNegotiationManager
mvcConversionService
mvcEndpoints
mvcPathMatcher
mvcResourceUrlProvider
mvcUriComponentsContributor
mvcUrlPathHelper
mvcValidator
mvcViewResolver
org.springframework.boot.actuate.autoconfigure.AuditAutoConfiguration
org.springframework.boot.actuate.autoconfigure.AuditAutoConfiguration$AuditEventRepositoryConfiguration
org.springframework.boot.actuate.autoconfigure.EndpointAutoConfiguration
org.springframework.boot.actuate.autoconfigure.EndpointAutoConfiguration$RequestMappingEndpointConfiguration
org.springframework.boot.actuate.autoconfigure.EndpointWebMvcAutoConfiguration
org.springframework.boot.actuate.autoconfigure.EndpointWebMvcAutoConfiguration$EndpointWebMvcConfiguration
org.springframework.boot.actuate.autoconfigure.EndpointWebMvcManagementContextConfiguration
org.springframework.boot.actuate.autoconfigure.HealthIndicatorAutoConfiguration
org.springframework.boot.actuate.autoconfigure.HealthIndicatorAutoConfiguration$DiskSpaceHealthIndicatorConfiguration
org.springframework.boot.actuate.autoconfigure.InfoContributorAutoConfiguration
org.springframework.boot.actuate.autoconfigure.MetricExportAutoConfiguration
org.springframework.boot.actuate.autoconfigure.MetricExportAutoConfiguration$MetricExportPropertiesConfiguration
org.springframework.boot.actuate.autoconfigure.MetricExportAutoConfiguration$StatsdConfiguration
org.springframework.boot.actuate.autoconfigure.MetricFilterAutoConfiguration
org.springframework.boot.actuate.autoconfigure.MetricRepositoryAutoConfiguration
org.springframework.boot.actuate.autoconfigure.MetricRepositoryAutoConfiguration$FastMetricServicesConfiguration
org.springframework.boot.actuate.autoconfigure.PublicMetricsAutoConfiguration
org.springframework.boot.actuate.autoconfigure.PublicMetricsAutoConfiguration$TomcatMetricsConfiguration
org.springframework.boot.actuate.autoconfigure.TraceRepositoryAutoConfiguration
org.springframework.boot.actuate.autoconfigure.TraceWebFilterAutoConfiguration
org.springframework.boot.autoconfigure.AutoConfigurationPackages
org.springframework.boot.autoconfigure.condition.BeanTypeRegistry
org.springframework.boot.autoconfigure.context.ConfigurationPropertiesAutoConfiguration
org.springframework.boot.autoconfigure.context.PropertyPlaceholderAutoConfiguration
org.springframework.boot.autoconfigure.http.HttpMessageConvertersAutoConfiguration
org.springframework.boot.autoconfigure.http.HttpMessageConvertersAutoConfiguration$StringHttpMessageConverterConfiguration
org.springframework.boot.autoconfigure.http.JacksonHttpMessageConvertersConfiguration
org.springframework.boot.autoconfigure.http.JacksonHttpMessageConvertersConfiguration$MappingJackson2HttpMessageConverterConfiguration
org.springframework.boot.autoconfigure.http.codec.CodecsAutoConfiguration
org.springframework.boot.autoconfigure.http.codec.CodecsAutoConfiguration$JacksonCodecConfiguration
org.springframework.boot.autoconfigure.info.ProjectInfoAutoConfiguration
org.springframework.boot.autoconfigure.internalCachingMetadataReaderFactory
org.springframework.boot.autoconfigure.jackson.JacksonAutoConfiguration
org.springframework.boot.autoconfigure.jackson.JacksonAutoConfiguration$Jackson2ObjectMapperBuilderCustomizerConfiguration
org.springframework.boot.autoconfigure.jackson.JacksonAutoConfiguration$JacksonObjectMapperBuilderConfiguration
org.springframework.boot.autoconfigure.jackson.JacksonAutoConfiguration$JacksonObjectMapperConfiguration
org.springframework.boot.autoconfigure.jackson.JacksonAutoConfiguration$ParameterNamesModuleConfiguration
org.springframework.boot.autoconfigure.validation.ValidationAutoConfiguration
org.springframework.boot.autoconfigure.web.client.RestTemplateAutoConfiguration
org.springframework.boot.autoconfigure.web.servlet.DispatcherServletAutoConfiguration
org.springframework.boot.autoconfigure.web.servlet.DispatcherServletAutoConfiguration$DispatcherServletConfiguration
org.springframework.boot.autoconfigure.web.servlet.DispatcherServletAutoConfiguration$DispatcherServletRegistrationConfiguration
org.springframework.boot.autoconfigure.web.servlet.HttpEncodingAutoConfiguration
org.springframework.boot.autoconfigure.web.servlet.MultipartAutoConfiguration
org.springframework.boot.autoconfigure.web.servlet.ServletWebServerFactoryAutoConfiguration
org.springframework.boot.autoconfigure.web.servlet.ServletWebServerFactoryAutoConfiguration$EmbeddedJetty
org.springframework.boot.autoconfigure.web.servlet.WebMvcAutoConfiguration
org.springframework.boot.autoconfigure.web.servlet.WebMvcAutoConfiguration$EnableWebMvcConfiguration
org.springframework.boot.autoconfigure.web.servlet.WebMvcAutoConfiguration$ResourceChainCustomizerConfiguration
org.springframework.boot.autoconfigure.web.servlet.WebMvcAutoConfiguration$WebMvcAutoConfigurationAdapter
org.springframework.boot.autoconfigure.web.servlet.WebMvcAutoConfiguration$WebMvcAutoConfigurationAdapter$FaviconConfiguration
org.springframework.boot.autoconfigure.web.servlet.error.ErrorMvcAutoConfiguration
org.springframework.boot.autoconfigure.web.servlet.error.ErrorMvcAutoConfiguration$DefaultErrorViewResolverConfiguration
org.springframework.boot.autoconfigure.web.servlet.error.ErrorMvcAutoConfiguration$WhitelabelErrorViewConfiguration
org.springframework.boot.autoconfigure.websocket.servlet.WebSocketMessagingAutoConfiguration
org.springframework.boot.autoconfigure.websocket.servlet.WebSocketMessagingAutoConfiguration$WebSocketMessageConverterConfiguration
org.springframework.boot.autoconfigure.websocket.servlet.WebSocketServletAutoConfiguration
org.springframework.boot.autoconfigure.websocket.servlet.WebSocketServletAutoConfiguration$JettyWebSocketConfiguration
org.springframework.boot.autoconfigure.websocket.servlet.WebSocketServletAutoConfiguration$TomcatWebSocketConfiguration
org.springframework.boot.context.properties.ConfigurationPropertiesBindingPostProcessor
org.springframework.boot.context.properties.ConfigurationPropertiesBindingPostProcessor.store
org.springframework.boot.test.mock.mockito.MockitoPostProcessor
org.springframework.boot.test.mock.mockito.MockitoPostProcessor$SpyPostProcessor
org.springframework.boot.test.web.client.TestRestTemplate
org.springframework.context.annotation.internalAutowiredAnnotationProcessor
org.springframework.context.annotation.internalCommonAnnotationProcessor
org.springframework.context.annotation.internalConfigurationAnnotationProcessor
org.springframework.context.annotation.internalRequiredAnnotationProcessor
org.springframework.context.annotation.internalScheduledAnnotationProcessor
org.springframework.context.event.internalEventListenerFactory
org.springframework.context.event.internalEventListenerProcessor
org.springframework.scheduling.annotation.SchedulingConfiguration
org.springframework.web.socket.config.annotation.DelegatingWebSocketMessageBrokerConfiguration
parameterNamesModule
preserveErrorControllerTargetClassPostProcessor
propertySourcesPlaceholderConfigurer
requestContextFilter
requestMappingEndpoint
requestMappingHandlerAdapter
requestMappingHandlerMapping
resourceHandlerMapping
resourceHandlerRegistrationCustomizer
restTemplateBuilder
server-org.springframework.boot.autoconfigure.web.ServerProperties
serverPropertiesWebServerFactoryCustomizer
shutdownEndpoint
simpAnnotationMethodMessageHandler
simpleBrokerMessageHandler
simpleControllerHandlerAdapter
spring.http.encoding-org.springframework.boot.autoconfigure.http.HttpEncodingProperties
spring.info-org.springframework.boot.autoconfigure.info.ProjectInfoProperties
spring.jackson-org.springframework.boot.autoconfigure.jackson.JacksonProperties
spring.metrics.export-org.springframework.boot.actuate.metrics.export.MetricExportProperties
spring.mvc-org.springframework.boot.autoconfigure.web.servlet.WebMvcProperties
spring.resources-org.springframework.boot.autoconfigure.web.ResourceProperties
spring.servlet.multipart-org.springframework.boot.autoconfigure.web.servlet.MultipartProperties
standardJacksonObjectMapperBuilderCustomizer
stompBrokerRelayMessageHandler
stompWebSocketHandlerMapping
stringHttpMessageConverter
subProtocolWebSocketHandler
systemPublicMetrics
tomcatPublicMetrics
traceEndpoint
traceRepository
userDestinationMessageHandler
userDestinationResolver
userRegistry
userRegistryMessageHandler
viewControllerHandlerMapping
viewResolver
webRequestLoggingFilter
webServerFactoryCustomizerBeanPostProcessor
webSocketConfig
webSocketMessageBrokerStats
webSocketScopeConfigurer
websocketContainerCustomizer
welcomePageHandlerMapping
2017-07-03 18:11:48.966  INFO 6933 --- [    Test worker] c.a.s.examples.rest.HelloRestServiceIT   : Started HelloRestServiceIT in 4.313 seconds (JVM running for 5.482)
]]></system-out>
  <system-err><![CDATA[]]></system-err>
</testsuite>
